#
# There is insufficient memory for the Java Runtime Environment to continue.
# Native memory allocation (mmap) failed to map 134217728 bytes for Failed to commit area from 0x0000000081e00000 to 0x0000000089e00000 of length 134217728.
# Possible reasons:
#   The system is out of physical RAM or swap space
#   The process is running with CompressedOops enabled, and the Java Heap may be blocking the growth of the native heap
# Possible solutions:
#   Reduce memory load on the system
#   Increase physical memory or swap space
#   Check if swap backing store is full
#   Decrease Java heap size (-Xmx/-Xms)
#   Decrease number of Java threads
#   Decrease Java thread stack sizes (-Xss)
#   Set larger code cache with -XX:ReservedCodeCacheSize=
# This output file may be truncated or incomplete.
#
#  Out of Memory Error (./src/hotspot/os/windows/os_windows.cpp:3619), pid=16924, tid=21356
#
# JRE version:  (11.0.13+7) (build )
# Java VM: OpenJDK 64-Bit Server VM (11.0.13+7-b1751.19, mixed mode, sharing, tiered, compressed oops, g1 gc, windows-amd64)
# No core dump will be written. Minidumps are not enabled by default on client versions of Windows
#

---------------  S U M M A R Y ------------

Command Line: git4idea.nativessh.GitNativeSshAskPassApp Enter passphrase for key '/c/Users/Fortunate Son/.ssh/id_rsa': 

Host: Intel(R) Core(TM) i5-7200U CPU @ 2.50GHz, 4 cores, 7G,  Windows 10 , 64 bit Build 19041 (10.0.19041.1566)
Time: Wed Apr 13 18:27:28 2022 RTZ 2 (зима) elapsed time: 0.017411 seconds (0d 0h 0m 0s)

---------------  T H R E A D  ---------------

Current thread (0x000002083dacc000):  JavaThread "Unknown thread" [_thread_in_vm, id=21356, stack(0x000000813a500000,0x000000813a600000)]

Stack: [0x000000813a500000,0x000000813a600000]
Native frames: (J=compiled Java code, j=interpreted, Vv=VM code, C=native code)
V  [jvm.dll+0x613ada]
V  [jvm.dll+0x799a80]
V  [jvm.dll+0x79b09d]
V  [jvm.dll+0x79b773]
V  [jvm.dll+0x24c4c8]
V  [jvm.dll+0x610b64]
V  [jvm.dll+0x605855]
V  [jvm.dll+0x30aaeb]
V  [jvm.dll+0x30aa5a]
V  [jvm.dll+0x30a932]
V  [jvm.dll+0x30f896]
V  [jvm.dll+0x359293]
V  [jvm.dll+0x359996]
V  [jvm.dll+0x359393]
V  [jvm.dll+0x2e5308]
V  [jvm.dll+0x2e64b7]
V  [jvm.dll+0x7769c7]
V  [jvm.dll+0x7781bc]
V  [jvm.dll+0x366829]
V  [jvm.dll+0x75a52e]
V  [jvm.dll+0x3d4923]
V  [jvm.dll+0x3d6e91]
C  [jli.dll+0x536b]
C  [ucrtbase.dll+0x21bb2]
C  [KERNEL32.DLL+0x17034]
C  [ntdll.dll+0x52651]


---------------  P R O C E S S  ---------------

Threads class SMR info:
_java_thread_list=0x000002083b8b2f60, length=0, elements={
}

Java Threads: ( => current thread )

Other Threads:
  0x000002083dae5000 GCTaskThread "GC Thread#0" [stack: 0x000000813a600000,0x000000813a700000] [id=13804]
  0x000002083db15800 ConcurrentGCThread "G1 Main Marker" [stack: 0x000000813a700000,0x000000813a800000] [id=8672]
  0x000002083db18000 ConcurrentGCThread "G1 Conc#0" [stack: 0x000000813a800000,0x000000813a900000] [id=720]

[error occurred during error reporting (printing all threads), id 0xc0000005, EXCEPTION_ACCESS_VIOLATION (0xc0000005) at pc=0x00007ff946dd5b77]

VM state:not at safepoint (not fully initialized)

VM Mutex/Monitor currently owned by a thread:  ([mutex/lock_event])
[0x000002083dac88e0] Heap_lock - owner thread: 0x000002083dacc000

Heap address: 0x0000000081e00000, size: 2018 MB, Compressed Oops mode: Non-zero based: 0x0000000081e00000
Narrow klass base: 0x0000000000000000, Narrow klass shift: 0

GC Heap History (0 events):
No events

Deoptimization events (0 events):
No events

Classes redefined (0 events):
No events

Internal exceptions (0 events):
No events

Events (1 events):
Event: 0.012 Loaded shared library C:\Program Files\JetBrains\PyCharm 2021.3\jbr\bin\zip.dll


Dynamic libraries:
0x00007ff7ca510000 - 0x00007ff7ca51a000 	C:\Program Files\JetBrains\PyCharm 2021.3\jbr\bin\java.exe
0x00007ff9954f0000 - 0x00007ff9956e5000 	C:\Windows\SYSTEM32\ntdll.dll
0x00007ff994b60000 - 0x00007ff994c1e000 	C:\Windows\System32\KERNEL32.DLL
0x00007ff992e70000 - 0x00007ff993138000 	C:\Windows\System32\KERNELBASE.dll
0x00007ff993420000 - 0x00007ff993520000 	C:\Windows\System32\ucrtbase.dll
0x00007ff961950000 - 0x00007ff961967000 	C:\Program Files\JetBrains\PyCharm 2021.3\jbr\bin\VCRUNTIME140.dll
0x00007ff95c420000 - 0x00007ff95c439000 	C:\Program Files\JetBrains\PyCharm 2021.3\jbr\bin\jli.dll
0x00007ff993620000 - 0x00007ff9937c0000 	C:\Windows\System32\USER32.dll
0x00007ff992d00000 - 0x00007ff992d22000 	C:\Windows\System32\win32u.dll
0x00007ff97c7a0000 - 0x00007ff97ca3a000 	C:\Windows\WinSxS\amd64_microsoft.windows.common-controls_6595b64144ccf1df_6.0.19041.1110_none_60b5254171f9507e\COMCTL32.dll
0x00007ff994c20000 - 0x00007ff994c4b000 	C:\Windows\System32\GDI32.dll
0x00007ff995310000 - 0x00007ff9953ae000 	C:\Windows\System32\msvcrt.dll
0x00007ff992d30000 - 0x00007ff992e3b000 	C:\Windows\System32\gdi32full.dll
0x00007ff9932f0000 - 0x00007ff99338d000 	C:\Windows\System32\msvcp_win.dll
0x00007ff9937c0000 - 0x00007ff9937f0000 	C:\Windows\System32\IMM32.DLL
0x00007ff943100000 - 0x00007ff94319d000 	C:\Program Files\JetBrains\PyCharm 2021.3\jbr\bin\msvcp140.dll
0x00007ff946ae0000 - 0x00007ff947656000 	C:\Program Files\JetBrains\PyCharm 2021.3\jbr\bin\server\jvm.dll
0x00007ff9951b0000 - 0x00007ff99525e000 	C:\Windows\System32\ADVAPI32.dll
0x00007ff993520000 - 0x00007ff9935bc000 	C:\Windows\System32\sechost.dll
0x00007ff9949c0000 - 0x00007ff994ae5000 	C:\Windows\System32\RPCRT4.dll
0x00007ff975300000 - 0x00007ff975309000 	C:\Windows\SYSTEM32\WSOCK32.dll
0x00007ff993920000 - 0x00007ff993928000 	C:\Windows\System32\PSAPI.DLL
0x00007ff97ca40000 - 0x00007ff97ca67000 	C:\Windows\SYSTEM32\WINMM.dll
0x00007ff97e8f0000 - 0x00007ff97e8fa000 	C:\Windows\SYSTEM32\VERSION.dll
0x00007ff995410000 - 0x00007ff99547b000 	C:\Windows\System32\WS2_32.dll
0x00007ff991480000 - 0x00007ff991492000 	C:\Windows\SYSTEM32\kernel.appcore.dll
0x00007ff98ae80000 - 0x00007ff98ae91000 	C:\Program Files\JetBrains\PyCharm 2021.3\jbr\bin\verify.dll
0x00007ff990970000 - 0x00007ff990b54000 	C:\Windows\SYSTEM32\DBGHELP.DLL
0x00007ff9761f0000 - 0x00007ff97621c000 	C:\Windows\SYSTEM32\dbgcore.DLL
0x00007ff993390000 - 0x00007ff993412000 	C:\Windows\System32\bcryptPrimitives.dll
0x00007ff98ae50000 - 0x00007ff98ae79000 	C:\Program Files\JetBrains\PyCharm 2021.3\jbr\bin\java.dll
0x00007ff98cc50000 - 0x00007ff98cc5b000 	C:\Program Files\JetBrains\PyCharm 2021.3\jbr\bin\jimage.dll
0x00007ff98ae30000 - 0x00007ff98ae48000 	C:\Program Files\JetBrains\PyCharm 2021.3\jbr\bin\zip.dll

dbghelp: loaded successfully - version: 4.0.5 - missing functions: none
symbol engine: initialized successfully - sym options: 0x614 - pdb path: .;C:\Program Files\JetBrains\PyCharm 2021.3\jbr\bin;C:\Windows\SYSTEM32;C:\Windows\WinSxS\amd64_microsoft.windows.common-controls_6595b64144ccf1df_6.0.19041.1110_none_60b5254171f9507e;C:\Program Files\JetBrains\PyCharm 2021.3\jbr\bin\server

VM Arguments:
java_command: git4idea.nativessh.GitNativeSshAskPassApp Enter passphrase for key '/c/Users/Fortunate Son/.ssh/id_rsa': 
java_class_path (initial): C:/Program Files/JetBrains/PyCharm 2021.3/plugins/git4idea/lib/git4idea-rt.jar;C:/Program Files/JetBrains/PyCharm 2021.3/lib/3rd-party.jar;C:/Program Files/JetBrains/PyCharm 2021.3/lib/3rd-party-rt.jar
Launcher Type: SUN_STANDARD

[Global flags]
     intx CICompilerCount                          = 3                                         {product} {ergonomic}
     uint ConcGCThreads                            = 1                                         {product} {ergonomic}
     uint G1ConcRefinementThreads                  = 4                                         {product} {ergonomic}
   size_t G1HeapRegionSize                         = 1048576                                   {product} {ergonomic}
    uintx GCDrainStackTargetSize                   = 64                                        {product} {ergonomic}
   size_t InitialHeapSize                          = 134217728                                 {product} {ergonomic}
   size_t MarkStackSize                            = 4194304                                   {product} {ergonomic}
   size_t MaxHeapSize                              = 2116026368                                {product} {ergonomic}
   size_t MinHeapDeltaBytes                        = 1048576                                   {product} {ergonomic}
    uintx NonNMethodCodeHeapSize                   = 5830732                                {pd product} {ergonomic}
    uintx NonProfiledCodeHeapSize                  = 122913754                              {pd product} {ergonomic}
    uintx ProfiledCodeHeapSize                     = 122913754                              {pd product} {ergonomic}
    uintx ReservedCodeCacheSize                    = 251658240                              {pd product} {ergonomic}
     bool SegmentedCodeCache                       = true                                      {product} {ergonomic}
     bool UseCompressedClassPointers               = true                                 {lp64_product} {ergonomic}
     bool UseCompressedOops                        = true                                 {lp64_product} {ergonomic}
     bool UseG1GC                                  = true                                      {product} {ergonomic}
     bool UseLargePagesIndividualAllocation        = false                                  {pd product} {ergonomic}

Logging:
Log output configuration:
 #0: stdout all=warning uptime,level,tags
 #1: stderr all=off uptime,level,tags

Environment Variables:
PATH=C:\Program Files\Git\mingw64\libexec\git-core;C:\Program Files\Git\mingw64\bin;C:\Program Files\Git\usr\bin;C:\Users\Fortunate Son\bin;C:\Users\Fortunate Son\gcc\bin;C:\Users\Fortunate Son\gcc\libexec\gcc\x86_64-w64-mingw32\10.3.0;C:\Program Files\Common Files\Oracle\Java\javapath;C:\Program Files (x86)\Intel\iCLS Client;C:\Program Files\Intel\iCLS Client;C:\Windows\system32;C:\Windows;C:\Windows\System32\Wbem;C:\Windows\System32\WindowsPowerShell\v1.0;C:\Program Files\Intel\WiFi\bin;C:\Program Files\Common Files\Intel\WirelessCommon;C:\Program Files (x86)\Intel\Intel(R) Management Engine Components\DAL;C:\Program Files\Intel\Intel(R) Management Engine Components\DAL;C:\Program Files (x86)\Intel\Intel(R) Management Engine Components\IPT;C:\Program Files\Intel\Intel(R) Management Engine Components\IPT;C:\Windows\System32\OpenSSH;C:\Program Files\Git\cmd;C:\Program Files (x86)\Graphviz\bin;C:\Program Files (x86)\Graphviz2.38\bin\dot.exe;C:\Program Files\PuTTY;C:\Users\Fortunate Son\anaconda3;C:\Users\Fortunate Son\anaconda3\Library\mingw-w64\bin;C:\Users\Fortunate Son\anaconda3\Library\usr\bin;C:\Users\Fortunate Son\anaconda3\Library\bin;C:\Users\Fortunate Son\anaconda3\Scripts;C:\Users\Fortunate Son\AppData\Local\Programs\Python\Python38\Scripts;C:\Users\Fortunate Son\AppData\Local\Programs\Python\Python38;C:\Users\Fortunate Son\AppData\Local\Programs\Python\Python39\Scripts;C:\Users\Fortunate Son\AppData\Local\Programs\Python\Python39;C:\Users\Fortunate Son\AppData\Local\Microsoft\WindowsApps;C:\Program Files\JetBrains\PyCharm 2021.3\bin;C:\Program Files\JetBrains\CLion 2021.3\bin;C:\MinGW
USERNAME=Fortunate Son
DISPLAY=:0.0
LC_ALL=en_US.UTF-8
OS=Windows_NT
PROCESSOR_IDENTIFIER=Intel64 Family 6 Model 142 Stepping 9, GenuineIntel



---------------  S Y S T E M  ---------------

OS: Windows 10 , 64 bit Build 19041 (10.0.19041.1566)
OS uptime: 1 days 7:06 hours

CPU:total 4 (initial active 4) (2 cores per cpu, 2 threads per core) family 6 model 142 stepping 9 microcode 0xb4, cmov, cx8, fxsr, mmx, sse, sse2, sse3, ssse3, sse4.1, sse4.2, popcnt, avx, avx2, aes, clmul, erms, 3dnowpref, lzcnt, ht, tsc, tscinvbit, bmi1, bmi2, adx, fma

Memory: 4k page, system-wide physical 8071M (339M free)
TotalPageFile size 12167M (AvailPageFile size 95M)
current process WorkingSet (physical memory assigned to process): 10M, peak: 10M
current process commit charge ("private bytes"): 51M, peak: 179M

vm_info: OpenJDK 64-Bit Server VM (11.0.13+7-b1751.19) for windows-amd64 JRE (11.0.13+7-b1751.19), built on Nov  9 2021 11:31:28 by "" with MS VC++ 14.0 (VS2015)

END.
